<?xml version="1.0" encoding="UTF-8"?>
<!-- Generated by org.testng.reporters.JUnitXMLReporter -->
<testsuite ignored="0" hostname="DESKTOP-4F1QV6P" failures="0" tests="6" name="Register Page DataDriven Test" time="39.052" errors="0" timestamp="2026-06-04T16:26:11 GST">
  <testcase classname="com.qa.opencart.tests.RegistrationPageDataDrivenTest" name="userRegistrationDDTFromCsv" time="8.332"/>
  <testcase classname="com.qa.opencart.tests.RegistrationPageDataDrivenTest" name="userRegistrationDDTFromCsv" time="2.012"/>
  <testcase classname="com.qa.opencart.tests.RegistrationPageDataDrivenTest" name="userRegistrationDDTFromCsv" time="2.179"/>
  <testcase classname="com.qa.opencart.tests.RegistrationPageDataDrivenTest" name="userRegistrationDDTFromSheet" time="1.72"/>
  <testcase classname="com.qa.opencart.tests.RegistrationPageDataDrivenTest" name="userRegistrationDDTFromSheet" time="2.109"/>
  <testcase classname="com.qa.opencart.tests.RegistrationPageDataDrivenTest" name="userRegistrationDDTFromSheet" time="1.712"/>
</testsuite> <!-- Register Page DataDriven Test -->
