<?xml version="1.0" encoding="UTF-8"?>
<!-- Generated by org.testng.reporters.JUnitXMLReporter -->
<testsuite ignored="0" hostname="DESKTOP-4F1QV6P" failures="0" tests="5" name="Test" time="53.027" errors="0" timestamp="2025-11-23T22:46:40 GST">
  <testcase classname="testCases.TC_3_LoginDDT" name="verify_loginDDT" time="2.94"/>
  <testcase classname="testCases.TC_3_LoginDDT" name="verify_loginDDT" time="11.537"/>
  <testcase classname="testCases.TC_3_LoginDDT" name="verify_loginDDT" time="13.623"/>
  <testcase classname="testCases.TC_3_LoginDDT" name="verify_loginDDT" time="11.028"/>
  <testcase classname="testCases.TC_3_LoginDDT" name="verify_loginDDT" time="2.242"/>
</testsuite> <!-- Test -->
