<?xml version="1.0" encoding="UTF-8"?>
<testng-results ignored="0" total="1" passed="1" failed="0" skipped="0">
  <reporter-output>
  </reporter-output>
  <suite started-at="2026-02-17T15:51:21 GST" name="Failed suite [Suite]" finished-at="2026-02-17T15:51:36 GST" duration-ms="14671">
    <groups>
      <group name="Master">
        <method signature="TC_1_AccountRegistrationTest.verifyAccountRegistration()[pri:0, instance:testCases.TC_1_AccountRegistrationTest@3543df7d]" name="verifyAccountRegistration" class="testCases.TC_1_AccountRegistrationTest"/>
      </group> <!-- Master -->
      <group name="Regression">
        <method signature="TC_1_AccountRegistrationTest.verifyAccountRegistration()[pri:0, instance:testCases.TC_1_AccountRegistrationTest@3543df7d]" name="verifyAccountRegistration" class="testCases.TC_1_AccountRegistrationTest"/>
      </group> <!-- Regression -->
    </groups>
    <test started-at="2026-02-17T15:51:21 GST" name="Test(failed)" finished-at="2026-02-17T15:51:36 GST" duration-ms="14671">
      <class name="testCases.TC_1_AccountRegistrationTest">
        <test-method is-config="true" signature="setup(java.lang.String,java.lang.String)[pri:0, instance:testCases.TC_1_AccountRegistrationTest@3543df7d]" started-at="2026-02-17T15:51:22 GST" name="setup" finished-at="2026-02-17T15:51:31 GST" duration-ms="9363" status="PASS">
          <params>
            <param index="0">
              <value>
                <![CDATA[windows]]>
              </value>
            </param>
            <param index="1">
              <value>
                <![CDATA[chrome]]>
              </value>
            </param>
          </params>
          <reporter-output>
          </reporter-output>
        </test-method> <!-- setup -->
        <test-method signature="verifyAccountRegistration()[pri:0, instance:testCases.TC_1_AccountRegistrationTest@3543df7d]" started-at="2026-02-17T15:51:31 GST" name="verifyAccountRegistration" finished-at="2026-02-17T15:51:36 GST" duration-ms="4207" status="PASS">
          <reporter-output>
          </reporter-output>
        </test-method> <!-- verifyAccountRegistration -->
        <test-method is-config="true" signature="teardown()[pri:0, instance:testCases.TC_1_AccountRegistrationTest@3543df7d]" started-at="2026-02-17T15:51:36 GST" name="teardown" finished-at="2026-02-17T15:51:36 GST" duration-ms="588" status="PASS">
          <reporter-output>
          </reporter-output>
        </test-method> <!-- teardown -->
      </class> <!-- testCases.TC_1_AccountRegistrationTest -->
    </test> <!-- Test(failed) -->
  </suite> <!-- Failed suite [Suite] -->
</testng-results>
