<?xml version="1.0" encoding="UTF-8"?>
<testng-results ignored="0" total="22" passed="21" failed="1" skipped="0">
  <reporter-output>
  </reporter-output>
  <suite started-at="2026-06-04T16:24:55 GST" name="E-Commerce Application Test Regression Suite" finished-at="2026-06-04T16:26:11 GST" duration-ms="75587">
    <groups>
    </groups>
    <test started-at="2026-06-04T16:24:55 GST" name="SearchProduct Page Test" finished-at="2026-06-04T16:25:32 GST" duration-ms="36304">
      <class name="com.qa.opencart.tests.SearchProductTest">
        <test-method is-config="true" signature="setUp(java.lang.String)[pri:0, instance:com.qa.opencart.tests.SearchProductTest@71f1cc02]" started-at="2026-06-04T16:24:55 GST" name="setUp" finished-at="2026-06-04T16:25:20 GST" duration-ms="24107" status="PASS">
          <params>
            <param index="0">
              <value>
                <![CDATA[edge]]>
              </value>
            </param>
          </params>
          <reporter-output>
          </reporter-output>
        </test-method> <!-- setUp -->
        <test-method is-config="true" signature="searchProductSetUp()[pri:0, instance:com.qa.opencart.tests.SearchProductTest@71f1cc02]" started-at="2026-06-04T16:25:20 GST" name="searchProductSetUp" finished-at="2026-06-04T16:25:21 GST" duration-ms="1275" status="PASS">
          <reporter-output>
          </reporter-output>
        </test-method> <!-- searchProductSetUp -->
        <test-method signature="searchProductTest()[pri:0, instance:com.qa.opencart.tests.SearchProductTest@71f1cc02]" started-at="2026-06-04T16:25:21 GST" name="searchProductTest" finished-at="2026-06-04T16:25:23 GST" duration-ms="2480" status="PASS">
          <reporter-output>
          </reporter-output>
        </test-method> <!-- searchProductTest -->
        <test-method is-config="true" signature="attachScreenshot(org.testng.ITestResult)[pri:0, instance:com.qa.opencart.tests.SearchProductTest@71f1cc02]" started-at="2026-06-04T16:25:23 GST" name="attachScreenshot" finished-at="2026-06-04T16:25:23 GST" duration-ms="2" status="PASS">
          <params>
            <param index="0">
              <value>
                <![CDATA[[TestResult name=searchProductTest status=SUCCESS method=SearchProductTest.searchProductTest()[pri:0, instance:com.qa.opencart.tests.SearchProductTest@71f1cc02] output={null}]]]>
              </value>
            </param>
          </params>
          <reporter-output>
          </reporter-output>
        </test-method> <!-- attachScreenshot -->
        <test-method is-config="true" signature="tearDown()[pri:0, instance:com.qa.opencart.tests.SearchProductTest@71f1cc02]" started-at="2026-06-04T16:25:23 GST" name="tearDown" finished-at="2026-06-04T16:25:32 GST" duration-ms="8378" status="PASS">
          <reporter-output>
          </reporter-output>
        </test-method> <!-- tearDown -->
      </class> <!-- com.qa.opencart.tests.SearchProductTest -->
    </test> <!-- SearchProduct Page Test -->
    <test started-at="2026-06-04T16:24:55 GST" name="Register Page Test" finished-at="2026-06-04T16:25:44 GST" duration-ms="48893">
      <class name="com.qa.opencart.tests.RegisterPageTest">
        <test-method is-config="true" signature="setUp(java.lang.String)[pri:0, instance:com.qa.opencart.tests.RegisterPageTest@176555c]" started-at="2026-06-04T16:24:55 GST" name="setUp" finished-at="2026-06-04T16:25:06 GST" duration-ms="10915" status="PASS">
          <params>
            <param index="0">
              <value>
                <![CDATA[chrome]]>
              </value>
            </param>
          </params>
          <reporter-output>
          </reporter-output>
        </test-method> <!-- setUp -->
        <test-method is-config="true" signature="userRegistrationSetUp()[pri:0, instance:com.qa.opencart.tests.RegisterPageTest@176555c]" started-at="2026-06-04T16:25:07 GST" name="userRegistrationSetUp" finished-at="2026-06-04T16:25:18 GST" duration-ms="11769" status="PASS">
          <reporter-output>
          </reporter-output>
        </test-method> <!-- userRegistrationSetUp -->
        <test-method signature="userRegistrationTest()[pri:0, instance:com.qa.opencart.tests.RegisterPageTest@176555c]" started-at="2026-06-04T16:25:18 GST" name="userRegistrationTest" finished-at="2026-06-04T16:25:26 GST" duration-ms="7118" status="PASS">
          <reporter-output>
          </reporter-output>
        </test-method> <!-- userRegistrationTest -->
        <test-method is-config="true" signature="attachScreenshot(org.testng.ITestResult)[pri:0, instance:com.qa.opencart.tests.RegisterPageTest@176555c]" started-at="2026-06-04T16:25:26 GST" name="attachScreenshot" finished-at="2026-06-04T16:25:26 GST" duration-ms="1" status="PASS">
          <params>
            <param index="0">
              <value>
                <![CDATA[[TestResult name=userRegistrationTest status=SUCCESS method=RegisterPageTest.userRegistrationTest()[pri:0, instance:com.qa.opencart.tests.RegisterPageTest@176555c] output={null}]]]>
              </value>
            </param>
          </params>
          <reporter-output>
          </reporter-output>
        </test-method> <!-- attachScreenshot -->
        <test-method is-config="true" signature="tearDown()[pri:0, instance:com.qa.opencart.tests.RegisterPageTest@176555c]" started-at="2026-06-04T16:25:26 GST" name="tearDown" finished-at="2026-06-04T16:25:44 GST" duration-ms="18726" status="PASS">
          <reporter-output>
          </reporter-output>
        </test-method> <!-- tearDown -->
      </class> <!-- com.qa.opencart.tests.RegisterPageTest -->
    </test> <!-- Register Page Test -->
    <test started-at="2026-06-04T16:24:55 GST" name="Accounts Page Test" finished-at="2026-06-04T16:25:48 GST" duration-ms="53061">
      <class name="com.qa.opencart.tests.AccountsPageTest">
        <test-method is-config="true" signature="setUp(java.lang.String)[pri:0, instance:com.qa.opencart.tests.AccountsPageTest@6e3ecf5c]" started-at="2026-06-04T16:24:55 GST" name="setUp" finished-at="2026-06-04T16:25:16 GST" duration-ms="20430" status="PASS">
          <params>
            <param index="0">
              <value>
                <![CDATA[chrome]]>
              </value>
            </param>
          </params>
          <reporter-output>
          </reporter-output>
        </test-method> <!-- setUp -->
        <test-method is-config="true" signature="accSetUp()[pri:0, instance:com.qa.opencart.tests.AccountsPageTest@6e3ecf5c]" started-at="2026-06-04T16:25:16 GST" name="accSetUp" finished-at="2026-06-04T16:25:19 GST" duration-ms="3510" status="PASS">
          <reporter-output>
          </reporter-output>
        </test-method> <!-- accSetUp -->
        <test-method signature="accPageHeadersTest()[pri:0, instance:com.qa.opencart.tests.AccountsPageTest@6e3ecf5c]" started-at="2026-06-04T16:25:19 GST" name="accPageHeadersTest" finished-at="2026-06-04T16:25:20 GST" duration-ms="386" status="PASS">
          <reporter-output>
          </reporter-output>
        </test-method> <!-- accPageHeadersTest -->
        <test-method is-config="true" signature="attachScreenshot(org.testng.ITestResult)[pri:0, instance:com.qa.opencart.tests.AccountsPageTest@6e3ecf5c]" started-at="2026-06-04T16:25:21 GST" name="attachScreenshot" finished-at="2026-06-04T16:25:21 GST" duration-ms="12" status="PASS">
          <params>
            <param index="0">
              <value>
                <![CDATA[[TestResult name=accPageHeadersTest status=SUCCESS method=AccountsPageTest.accPageHeadersTest()[pri:0, instance:com.qa.opencart.tests.AccountsPageTest@6e3ecf5c] output={null}]]]>
              </value>
            </param>
          </params>
          <reporter-output>
          </reporter-output>
        </test-method> <!-- attachScreenshot -->
        <test-method signature="searchProductTest()[pri:0, instance:com.qa.opencart.tests.AccountsPageTest@6e3ecf5c]" started-at="2026-06-04T16:25:21 GST" name="searchProductTest" finished-at="2026-06-04T16:25:23 GST" duration-ms="1478" status="PASS">
          <reporter-output>
          </reporter-output>
        </test-method> <!-- searchProductTest -->
        <test-method is-config="true" signature="attachScreenshot(org.testng.ITestResult)[pri:0, instance:com.qa.opencart.tests.AccountsPageTest@6e3ecf5c]" started-at="2026-06-04T16:25:23 GST" name="attachScreenshot" finished-at="2026-06-04T16:25:23 GST" duration-ms="1" status="PASS">
          <params>
            <param index="0">
              <value>
                <![CDATA[[TestResult name=searchProductTest status=SUCCESS method=AccountsPageTest.searchProductTest()[pri:0, instance:com.qa.opencart.tests.AccountsPageTest@6e3ecf5c] output={null}]]]>
              </value>
            </param>
          </params>
          <reporter-output>
          </reporter-output>
        </test-method> <!-- attachScreenshot -->
        <test-method is-config="true" signature="tearDown()[pri:0, instance:com.qa.opencart.tests.AccountsPageTest@6e3ecf5c]" started-at="2026-06-04T16:25:23 GST" name="tearDown" finished-at="2026-06-04T16:25:48 GST" duration-ms="25444" status="PASS">
          <reporter-output>
          </reporter-output>
        </test-method> <!-- tearDown -->
      </class> <!-- com.qa.opencart.tests.AccountsPageTest -->
    </test> <!-- Accounts Page Test -->
    <test started-at="2026-06-04T16:24:55 GST" name="Login Page Test" finished-at="2026-06-04T16:25:50 GST" duration-ms="54294">
      <class name="com.qa.opencart.tests.LoginPageTest">
        <test-method is-config="true" signature="setUp(java.lang.String)[pri:0, instance:com.qa.opencart.tests.LoginPageTest@4b31a708]" started-at="2026-06-04T16:24:55 GST" name="setUp" finished-at="2026-06-04T16:25:38 GST" duration-ms="42194" status="PASS">
          <params>
            <param index="0">
              <value>
                <![CDATA[firefox]]>
              </value>
            </param>
          </params>
          <reporter-output>
          </reporter-output>
        </test-method> <!-- setUp -->
        <test-method signature="LoginPageTitleTest()[pri:1, instance:com.qa.opencart.tests.LoginPageTest@4b31a708]" started-at="2026-06-04T16:25:38 GST" name="LoginPageTitleTest" finished-at="2026-06-04T16:25:38 GST" duration-ms="19" status="PASS">
          <reporter-output>
          </reporter-output>
        </test-method> <!-- LoginPageTitleTest -->
        <test-method is-config="true" signature="attachScreenshot(org.testng.ITestResult)[pri:0, instance:com.qa.opencart.tests.LoginPageTest@4b31a708]" started-at="2026-06-04T16:25:38 GST" name="attachScreenshot" finished-at="2026-06-04T16:25:38 GST" duration-ms="3" status="PASS">
          <params>
            <param index="0">
              <value>
                <![CDATA[[TestResult name=LoginPageTitleTest status=SUCCESS method=LoginPageTest.LoginPageTitleTest()[pri:1, instance:com.qa.opencart.tests.LoginPageTest@4b31a708] output={null}]]]>
              </value>
            </param>
          </params>
          <reporter-output>
          </reporter-output>
        </test-method> <!-- attachScreenshot -->
        <test-method signature="LoginPageUrlTest()[pri:2, instance:com.qa.opencart.tests.LoginPageTest@4b31a708]" started-at="2026-06-04T16:25:38 GST" name="LoginPageUrlTest" finished-at="2026-06-04T16:25:38 GST" duration-ms="101" status="PASS">
          <reporter-output>
          </reporter-output>
        </test-method> <!-- LoginPageUrlTest -->
        <test-method is-config="true" signature="attachScreenshot(org.testng.ITestResult)[pri:0, instance:com.qa.opencart.tests.LoginPageTest@4b31a708]" started-at="2026-06-04T16:25:38 GST" name="attachScreenshot" finished-at="2026-06-04T16:25:38 GST" duration-ms="17" status="PASS">
          <params>
            <param index="0">
              <value>
                <![CDATA[[TestResult name=LoginPageUrlTest status=SUCCESS method=LoginPageTest.LoginPageUrlTest()[pri:2, instance:com.qa.opencart.tests.LoginPageTest@4b31a708] output={null}]]]>
              </value>
            </param>
          </params>
          <reporter-output>
          </reporter-output>
        </test-method> <!-- attachScreenshot -->
        <test-method signature="isForgetPwdLinkExistsTest()[pri:3, instance:com.qa.opencart.tests.LoginPageTest@4b31a708]" started-at="2026-06-04T16:25:38 GST" name="isForgetPwdLinkExistsTest" finished-at="2026-06-04T16:25:39 GST" duration-ms="995" status="PASS">
          <reporter-output>
          </reporter-output>
        </test-method> <!-- isForgetPwdLinkExistsTest -->
        <test-method is-config="true" signature="attachScreenshot(org.testng.ITestResult)[pri:0, instance:com.qa.opencart.tests.LoginPageTest@4b31a708]" started-at="2026-06-04T16:25:39 GST" name="attachScreenshot" finished-at="2026-06-04T16:25:39 GST" duration-ms="0" status="PASS">
          <params>
            <param index="0">
              <value>
                <![CDATA[[TestResult name=isForgetPwdLinkExistsTest status=SUCCESS method=LoginPageTest.isForgetPwdLinkExistsTest()[pri:3, instance:com.qa.opencart.tests.LoginPageTest@4b31a708] output={null}]]]>
              </value>
            </param>
          </params>
          <reporter-output>
          </reporter-output>
        </test-method> <!-- attachScreenshot -->
        <test-method signature="isHeaderTest()[pri:4, instance:com.qa.opencart.tests.LoginPageTest@4b31a708]" started-at="2026-06-04T16:25:39 GST" name="isHeaderTest" finished-at="2026-06-04T16:25:39 GST" duration-ms="129" status="PASS">
          <reporter-output>
          </reporter-output>
        </test-method> <!-- isHeaderTest -->
        <test-method is-config="true" signature="attachScreenshot(org.testng.ITestResult)[pri:0, instance:com.qa.opencart.tests.LoginPageTest@4b31a708]" started-at="2026-06-04T16:25:39 GST" name="attachScreenshot" finished-at="2026-06-04T16:25:39 GST" duration-ms="1" status="PASS">
          <params>
            <param index="0">
              <value>
                <![CDATA[[TestResult name=isHeaderTest status=SUCCESS method=LoginPageTest.isHeaderTest()[pri:4, instance:com.qa.opencart.tests.LoginPageTest@4b31a708] output={null}]]]>
              </value>
            </param>
          </params>
          <reporter-output>
          </reporter-output>
        </test-method> <!-- attachScreenshot -->
        <test-method signature="loginTest()[pri:5, instance:com.qa.opencart.tests.LoginPageTest@4b31a708]" started-at="2026-06-04T16:25:39 GST" name="loginTest" finished-at="2026-06-04T16:25:43 GST" duration-ms="4366" status="PASS">
          <reporter-output>
          </reporter-output>
        </test-method> <!-- loginTest -->
        <test-method is-config="true" signature="attachScreenshot(org.testng.ITestResult)[pri:0, instance:com.qa.opencart.tests.LoginPageTest@4b31a708]" started-at="2026-06-04T16:25:43 GST" name="attachScreenshot" finished-at="2026-06-04T16:25:43 GST" duration-ms="1" status="PASS">
          <params>
            <param index="0">
              <value>
                <![CDATA[[TestResult name=loginTest status=SUCCESS method=LoginPageTest.loginTest()[pri:5, instance:com.qa.opencart.tests.LoginPageTest@4b31a708] output={null}]]]>
              </value>
            </param>
          </params>
          <reporter-output>
          </reporter-output>
        </test-method> <!-- attachScreenshot -->
        <test-method is-config="true" signature="tearDown()[pri:0, instance:com.qa.opencart.tests.LoginPageTest@4b31a708]" started-at="2026-06-04T16:25:43 GST" name="tearDown" finished-at="2026-06-04T16:25:50 GST" duration-ms="6330" status="PASS">
          <reporter-output>
          </reporter-output>
        </test-method> <!-- tearDown -->
      </class> <!-- com.qa.opencart.tests.LoginPageTest -->
    </test> <!-- Login Page Test -->
    <test started-at="2026-06-04T16:24:55 GST" name="ProductInfo Page Test" finished-at="2026-06-04T16:26:00 GST" duration-ms="64373">
      <class name="com.qa.opencart.tests.ProductInfoTest">
        <test-method is-config="true" signature="setUp(java.lang.String)[pri:0, instance:com.qa.opencart.tests.ProductInfoTest@6949e948]" started-at="2026-06-04T16:24:55 GST" name="setUp" finished-at="2026-06-04T16:25:37 GST" duration-ms="41930" status="PASS">
          <params>
            <param index="0">
              <value>
                <![CDATA[firefox]]>
              </value>
            </param>
          </params>
          <reporter-output>
          </reporter-output>
        </test-method> <!-- setUp -->
        <test-method is-config="true" signature="productInfoSetUp()[pri:0, instance:com.qa.opencart.tests.ProductInfoTest@6949e948]" started-at="2026-06-04T16:25:37 GST" name="productInfoSetUp" finished-at="2026-06-04T16:25:43 GST" duration-ms="5172" status="PASS">
          <reporter-output>
          </reporter-output>
        </test-method> <!-- productInfoSetUp -->
        <test-method signature="getProductHeaderTest(java.lang.String,java.lang.String)[pri:0, instance:com.qa.opencart.tests.ProductInfoTest@6949e948]" started-at="2026-06-04T16:25:43 GST" name="getProductHeaderTest" data-provider="getProductsData" finished-at="2026-06-04T16:25:45 GST" duration-ms="2362" status="PASS">
          <params>
            <param index="0">
              <value>
                <![CDATA[macbook]]>
              </value>
            </param>
            <param index="1">
              <value>
                <![CDATA[MacBook Air]]>
              </value>
            </param>
          </params>
          <reporter-output>
          </reporter-output>
        </test-method> <!-- getProductHeaderTest -->
        <test-method is-config="true" signature="attachScreenshot(org.testng.ITestResult)[pri:0, instance:com.qa.opencart.tests.ProductInfoTest@6949e948]" started-at="2026-06-04T16:25:45 GST" name="attachScreenshot" finished-at="2026-06-04T16:25:45 GST" duration-ms="0" status="PASS">
          <params>
            <param index="0">
              <value>
                <![CDATA[[TestResult name=getProductHeaderTest status=SUCCESS method=ProductInfoTest.getProductHeaderTest(java.lang.String,java.lang.String)[pri:0, instance:com.qa.opencart.tests.ProductInfoTest@6949e948] output={null}]]]>
              </value>
            </param>
          </params>
          <reporter-output>
          </reporter-output>
        </test-method> <!-- attachScreenshot -->
        <test-method signature="getProductHeaderTest(java.lang.String,java.lang.String)[pri:0, instance:com.qa.opencart.tests.ProductInfoTest@6949e948]" started-at="2026-06-04T16:25:45 GST" name="getProductHeaderTest" data-provider="getProductsData" finished-at="2026-06-04T16:25:48 GST" duration-ms="2723" status="PASS">
          <params>
            <param index="0">
              <value>
                <![CDATA[samsung]]>
              </value>
            </param>
            <param index="1">
              <value>
                <![CDATA[Samsung Galaxy Tab 10.1]]>
              </value>
            </param>
          </params>
          <reporter-output>
          </reporter-output>
        </test-method> <!-- getProductHeaderTest -->
        <test-method is-config="true" signature="attachScreenshot(org.testng.ITestResult)[pri:0, instance:com.qa.opencart.tests.ProductInfoTest@6949e948]" started-at="2026-06-04T16:25:48 GST" name="attachScreenshot" finished-at="2026-06-04T16:25:48 GST" duration-ms="1" status="PASS">
          <params>
            <param index="0">
              <value>
                <![CDATA[[TestResult name=getProductHeaderTest status=SUCCESS method=ProductInfoTest.getProductHeaderTest(java.lang.String,java.lang.String)[pri:0, instance:com.qa.opencart.tests.ProductInfoTest@6949e948] output={null}]]]>
              </value>
            </param>
          </params>
          <reporter-output>
          </reporter-output>
        </test-method> <!-- attachScreenshot -->
        <test-method signature="getProductHeaderTest(java.lang.String,java.lang.String)[pri:0, instance:com.qa.opencart.tests.ProductInfoTest@6949e948]" started-at="2026-06-04T16:25:48 GST" name="getProductHeaderTest" data-provider="getProductsData" finished-at="2026-06-04T16:25:49 GST" duration-ms="1547" status="PASS">
          <params>
            <param index="0">
              <value>
                <![CDATA[canon]]>
              </value>
            </param>
            <param index="1">
              <value>
                <![CDATA[Canon EOS 5D]]>
              </value>
            </param>
          </params>
          <reporter-output>
          </reporter-output>
        </test-method> <!-- getProductHeaderTest -->
        <test-method is-config="true" signature="attachScreenshot(org.testng.ITestResult)[pri:0, instance:com.qa.opencart.tests.ProductInfoTest@6949e948]" started-at="2026-06-04T16:25:49 GST" name="attachScreenshot" finished-at="2026-06-04T16:25:49 GST" duration-ms="2" status="PASS">
          <params>
            <param index="0">
              <value>
                <![CDATA[[TestResult name=getProductHeaderTest status=SUCCESS method=ProductInfoTest.getProductHeaderTest(java.lang.String,java.lang.String)[pri:0, instance:com.qa.opencart.tests.ProductInfoTest@6949e948] output={null}]]]>
              </value>
            </param>
          </params>
          <reporter-output>
          </reporter-output>
        </test-method> <!-- attachScreenshot -->
        <test-method signature="productImagesCountTest(java.lang.String,java.lang.String,int)[pri:0, instance:com.qa.opencart.tests.ProductInfoTest@6949e948]" started-at="2026-06-04T16:25:49 GST" name="productImagesCountTest" data-provider="getProductDataForImages" finished-at="2026-06-04T16:25:51 GST" duration-ms="1412" status="PASS">
          <params>
            <param index="0">
              <value>
                <![CDATA[macbook]]>
              </value>
            </param>
            <param index="1">
              <value>
                <![CDATA[MacBook Air]]>
              </value>
            </param>
            <param index="2">
              <value>
                <![CDATA[4]]>
              </value>
            </param>
          </params>
          <reporter-output>
          </reporter-output>
        </test-method> <!-- productImagesCountTest -->
        <test-method is-config="true" signature="attachScreenshot(org.testng.ITestResult)[pri:0, instance:com.qa.opencart.tests.ProductInfoTest@6949e948]" started-at="2026-06-04T16:25:51 GST" name="attachScreenshot" finished-at="2026-06-04T16:25:51 GST" duration-ms="1" status="PASS">
          <params>
            <param index="0">
              <value>
                <![CDATA[[TestResult name=productImagesCountTest status=SUCCESS method=ProductInfoTest.productImagesCountTest(java.lang.String,java.lang.String,int)[pri:0, instance:com.qa.opencart.tests.ProductInfoTest@6949e948] output={null}]]]>
              </value>
            </param>
          </params>
          <reporter-output>
          </reporter-output>
        </test-method> <!-- attachScreenshot -->
        <test-method signature="productImagesCountTest(java.lang.String,java.lang.String,int)[pri:0, instance:com.qa.opencart.tests.ProductInfoTest@6949e948]" started-at="2026-06-04T16:25:51 GST" name="productImagesCountTest" data-provider="getProductDataForImages" finished-at="2026-06-04T16:25:52 GST" duration-ms="1620" status="PASS">
          <params>
            <param index="0">
              <value>
                <![CDATA[samsung]]>
              </value>
            </param>
            <param index="1">
              <value>
                <![CDATA[Samsung Galaxy Tab 10.1]]>
              </value>
            </param>
            <param index="2">
              <value>
                <![CDATA[7]]>
              </value>
            </param>
          </params>
          <reporter-output>
          </reporter-output>
        </test-method> <!-- productImagesCountTest -->
        <test-method is-config="true" signature="attachScreenshot(org.testng.ITestResult)[pri:0, instance:com.qa.opencart.tests.ProductInfoTest@6949e948]" started-at="2026-06-04T16:25:52 GST" name="attachScreenshot" finished-at="2026-06-04T16:25:52 GST" duration-ms="1" status="PASS">
          <params>
            <param index="0">
              <value>
                <![CDATA[[TestResult name=productImagesCountTest status=SUCCESS method=ProductInfoTest.productImagesCountTest(java.lang.String,java.lang.String,int)[pri:0, instance:com.qa.opencart.tests.ProductInfoTest@6949e948] output={null}]]]>
              </value>
            </param>
          </params>
          <reporter-output>
          </reporter-output>
        </test-method> <!-- attachScreenshot -->
        <test-method signature="productImagesCountTest(java.lang.String,java.lang.String,int)[pri:0, instance:com.qa.opencart.tests.ProductInfoTest@6949e948]" started-at="2026-06-04T16:25:52 GST" name="productImagesCountTest" data-provider="getProductDataForImages" finished-at="2026-06-04T16:25:54 GST" duration-ms="1368" status="PASS">
          <params>
            <param index="0">
              <value>
                <![CDATA[canon]]>
              </value>
            </param>
            <param index="1">
              <value>
                <![CDATA[Canon EOS 5D]]>
              </value>
            </param>
            <param index="2">
              <value>
                <![CDATA[3]]>
              </value>
            </param>
          </params>
          <reporter-output>
          </reporter-output>
        </test-method> <!-- productImagesCountTest -->
        <test-method is-config="true" signature="attachScreenshot(org.testng.ITestResult)[pri:0, instance:com.qa.opencart.tests.ProductInfoTest@6949e948]" started-at="2026-06-04T16:25:54 GST" name="attachScreenshot" finished-at="2026-06-04T16:25:54 GST" duration-ms="1" status="PASS">
          <params>
            <param index="0">
              <value>
                <![CDATA[[TestResult name=productImagesCountTest status=SUCCESS method=ProductInfoTest.productImagesCountTest(java.lang.String,java.lang.String,int)[pri:0, instance:com.qa.opencart.tests.ProductInfoTest@6949e948] output={null}]]]>
              </value>
            </param>
          </params>
          <reporter-output>
          </reporter-output>
        </test-method> <!-- attachScreenshot -->
        <test-method signature="productInfoTest()[pri:0, instance:com.qa.opencart.tests.ProductInfoTest@6949e948]" started-at="2026-06-04T16:25:54 GST" name="productInfoTest" finished-at="2026-06-04T16:25:57 GST" duration-ms="3504" status="FAIL">
          <exception class="java.lang.AssertionError">
            <message>
              <![CDATA[expected [Product 18] but found [Product 17]]]>
            </message>
            <full-stacktrace>
              <![CDATA[java.lang.AssertionError: expected [Product 18] but found [Product 17]
at org.testng.Assert.fail(Assert.java:111)
at org.testng.Assert.failNotEquals(Assert.java:1590)
at org.testng.Assert.assertEqualsImpl(Assert.java:150)
at org.testng.Assert.assertEquals(Assert.java:132)
at org.testng.Assert.assertEquals(Assert.java:656)
at org.testng.Assert.assertEquals(Assert.java:666)
at com.qa.opencart.tests.ProductInfoTest.productInfoTest(ProductInfoTest.java:82)
at java.base/jdk.internal.reflect.DirectMethodHandleAccessor.invoke(DirectMethodHandleAccessor.java:103)
at java.base/java.lang.reflect.Method.invoke(Method.java:580)
at org.testng.internal.invokers.MethodInvocationHelper.invokeMethod(MethodInvocationHelper.java:141)
at org.testng.internal.invokers.TestInvoker.invokeMethod(TestInvoker.java:697)
at org.testng.internal.invokers.TestInvoker.invokeTestMethod(TestInvoker.java:230)
at org.testng.internal.invokers.MethodRunner.runInSequence(MethodRunner.java:63)
at org.testng.internal.invokers.TestInvoker$MethodInvocationAgent.invoke(TestInvoker.java:1005)
at org.testng.internal.invokers.TestInvoker.invokeTestMethods(TestInvoker.java:203)
at org.testng.internal.invokers.TestMethodWorker.invokeTestMethods(TestMethodWorker.java:154)
at org.testng.internal.invokers.TestMethodWorker.run(TestMethodWorker.java:134)
at java.base/java.util.ArrayList.forEach(ArrayList.java:1596)
at org.testng.TestRunner.privateRun(TestRunner.java:744)
at org.testng.TestRunner.run(TestRunner.java:616)
at org.testng.SuiteRunner.runTest(SuiteRunner.java:421)
at org.testng.SuiteRunner$SuiteWorker.run(SuiteRunner.java:463)
at org.testng.internal.thread.ThreadUtil.lambda$execute$0(ThreadUtil.java:64)
at java.base/java.util.concurrent.FutureTask.run(FutureTask.java:317)
at java.base/java.util.concurrent.ThreadPoolExecutor.runWorker(ThreadPoolExecutor.java:1144)
at java.base/java.util.concurrent.ThreadPoolExecutor$Worker.run(ThreadPoolExecutor.java:642)
at java.base/java.lang.Thread.run(Thread.java:1583)
]]>
            </full-stacktrace>
          </exception> <!-- java.lang.AssertionError -->
          <reporter-output>
          </reporter-output>
        </test-method> <!-- productInfoTest -->
        <test-method is-config="true" signature="attachScreenshot(org.testng.ITestResult)[pri:0, instance:com.qa.opencart.tests.ProductInfoTest@6949e948]" started-at="2026-06-04T16:25:57 GST" name="attachScreenshot" finished-at="2026-06-04T16:25:57 GST" duration-ms="173" status="PASS">
          <params>
            <param index="0">
              <value>
                <![CDATA[[TestResult name=productInfoTest status=FAILURE method=ProductInfoTest.productInfoTest()[pri:0, instance:com.qa.opencart.tests.ProductInfoTest@6949e948] output={null}]]]>
              </value>
            </param>
          </params>
          <reporter-output>
          </reporter-output>
        </test-method> <!-- attachScreenshot -->
        <test-method is-config="true" signature="tearDown()[pri:0, instance:com.qa.opencart.tests.ProductInfoTest@6949e948]" started-at="2026-06-04T16:25:57 GST" name="tearDown" finished-at="2026-06-04T16:26:00 GST" duration-ms="2296" status="PASS">
          <reporter-output>
          </reporter-output>
        </test-method> <!-- tearDown -->
      </class> <!-- com.qa.opencart.tests.ProductInfoTest -->
    </test> <!-- ProductInfo Page Test -->
    <test started-at="2026-06-04T16:25:32 GST" name="Register Page DataDriven Test" finished-at="2026-06-04T16:26:11 GST" duration-ms="39052">
      <class name="com.qa.opencart.tests.RegistrationPageDataDrivenTest">
        <test-method is-config="true" signature="setUp(java.lang.String)[pri:0, instance:com.qa.opencart.tests.RegistrationPageDataDrivenTest@526a9908]" started-at="2026-06-04T16:25:32 GST" name="setUp" finished-at="2026-06-04T16:25:50 GST" duration-ms="18134" status="PASS">
          <params>
            <param index="0">
              <value>
                <![CDATA[edge]]>
              </value>
            </param>
          </params>
          <reporter-output>
          </reporter-output>
        </test-method> <!-- setUp -->
        <test-method is-config="true" signature="userRegistrationDDTSetUp()[pri:0, instance:com.qa.opencart.tests.RegistrationPageDataDrivenTest@526a9908]" started-at="2026-06-04T16:25:50 GST" name="userRegistrationDDTSetUp" finished-at="2026-06-04T16:25:51 GST" duration-ms="646" status="PASS">
          <reporter-output>
          </reporter-output>
        </test-method> <!-- userRegistrationDDTSetUp -->
        <test-method signature="userRegistrationDDTFromCsv(java.lang.String,java.lang.String,java.lang.String,java.lang.String,java.lang.String)[pri:0, instance:com.qa.opencart.tests.RegistrationPageDataDrivenTest@526a9908]" started-at="2026-06-04T16:25:51 GST" name="userRegistrationDDTFromCsv" data-provider="getDataFromCsv" finished-at="2026-06-04T16:25:59 GST" duration-ms="8332" status="PASS">
          <params>
            <param index="0">
              <value>
                <![CDATA[adam]]>
              </value>
            </param>
            <param index="1">
              <value>
                <![CDATA[gassara]]>
              </value>
            </param>
            <param index="2">
              <value>
                <![CDATA[8788765458]]>
              </value>
            </param>
            <param index="3">
              <value>
                <![CDATA[manelderbel@123]]>
              </value>
            </param>
            <param index="4">
              <value>
                <![CDATA[yes]]>
              </value>
            </param>
          </params>
          <reporter-output>
          </reporter-output>
        </test-method> <!-- userRegistrationDDTFromCsv -->
        <test-method is-config="true" signature="attachScreenshot(org.testng.ITestResult)[pri:0, instance:com.qa.opencart.tests.RegistrationPageDataDrivenTest@526a9908]" started-at="2026-06-04T16:25:59 GST" name="attachScreenshot" finished-at="2026-06-04T16:25:59 GST" duration-ms="0" status="PASS">
          <params>
            <param index="0">
              <value>
                <![CDATA[[TestResult name=userRegistrationDDTFromCsv status=SUCCESS method=RegistrationPageDataDrivenTest.userRegistrationDDTFromCsv(java.lang.String,java.lang.String,java.lang.String,java.lang.String,java.lang.String)[pri:0, instance:com.qa.opencart.tests.RegistrationPageDataDrivenTest@526a9908] output={null}]]]>
              </value>
            </param>
          </params>
          <reporter-output>
          </reporter-output>
        </test-method> <!-- attachScreenshot -->
        <test-method signature="userRegistrationDDTFromCsv(java.lang.String,java.lang.String,java.lang.String,java.lang.String,java.lang.String)[pri:0, instance:com.qa.opencart.tests.RegistrationPageDataDrivenTest@526a9908]" started-at="2026-06-04T16:25:59 GST" name="userRegistrationDDTFromCsv" data-provider="getDataFromCsv" finished-at="2026-06-04T16:26:01 GST" duration-ms="2012" status="PASS">
          <params>
            <param index="0">
              <value>
                <![CDATA[suraj]]>
              </value>
            </param>
            <param index="1">
              <value>
                <![CDATA[gupta]]>
              </value>
            </param>
            <param index="2">
              <value>
                <![CDATA[8987684356]]>
              </value>
            </param>
            <param index="3">
              <value>
                <![CDATA[surajgupta@123]]>
              </value>
            </param>
            <param index="4">
              <value>
                <![CDATA[no]]>
              </value>
            </param>
          </params>
          <reporter-output>
          </reporter-output>
        </test-method> <!-- userRegistrationDDTFromCsv -->
        <test-method is-config="true" signature="attachScreenshot(org.testng.ITestResult)[pri:0, instance:com.qa.opencart.tests.RegistrationPageDataDrivenTest@526a9908]" started-at="2026-06-04T16:26:01 GST" name="attachScreenshot" finished-at="2026-06-04T16:26:01 GST" duration-ms="0" status="PASS">
          <params>
            <param index="0">
              <value>
                <![CDATA[[TestResult name=userRegistrationDDTFromCsv status=SUCCESS method=RegistrationPageDataDrivenTest.userRegistrationDDTFromCsv(java.lang.String,java.lang.String,java.lang.String,java.lang.String,java.lang.String)[pri:0, instance:com.qa.opencart.tests.RegistrationPageDataDrivenTest@526a9908] output={null}]]]>
              </value>
            </param>
          </params>
          <reporter-output>
          </reporter-output>
        </test-method> <!-- attachScreenshot -->
        <test-method signature="userRegistrationDDTFromCsv(java.lang.String,java.lang.String,java.lang.String,java.lang.String,java.lang.String)[pri:0, instance:com.qa.opencart.tests.RegistrationPageDataDrivenTest@526a9908]" started-at="2026-06-04T16:26:01 GST" name="userRegistrationDDTFromCsv" data-provider="getDataFromCsv" finished-at="2026-06-04T16:26:03 GST" duration-ms="2179" status="PASS">
          <params>
            <param index="0">
              <value>
                <![CDATA[kevin]]>
              </value>
            </param>
            <param index="1">
              <value>
                <![CDATA[khan]]>
              </value>
            </param>
            <param index="2">
              <value>
                <![CDATA[9898766567]]>
              </value>
            </param>
            <param index="3">
              <value>
                <![CDATA[kevinkhan@123]]>
              </value>
            </param>
            <param index="4">
              <value>
                <![CDATA[no]]>
              </value>
            </param>
          </params>
          <reporter-output>
          </reporter-output>
        </test-method> <!-- userRegistrationDDTFromCsv -->
        <test-method is-config="true" signature="attachScreenshot(org.testng.ITestResult)[pri:0, instance:com.qa.opencart.tests.RegistrationPageDataDrivenTest@526a9908]" started-at="2026-06-04T16:26:03 GST" name="attachScreenshot" finished-at="2026-06-04T16:26:03 GST" duration-ms="2" status="PASS">
          <params>
            <param index="0">
              <value>
                <![CDATA[[TestResult name=userRegistrationDDTFromCsv status=SUCCESS method=RegistrationPageDataDrivenTest.userRegistrationDDTFromCsv(java.lang.String,java.lang.String,java.lang.String,java.lang.String,java.lang.String)[pri:0, instance:com.qa.opencart.tests.RegistrationPageDataDrivenTest@526a9908] output={null}]]]>
              </value>
            </param>
          </params>
          <reporter-output>
          </reporter-output>
        </test-method> <!-- attachScreenshot -->
        <test-method signature="userRegistrationDDTFromSheet(java.lang.String,java.lang.String,java.lang.String,java.lang.String,java.lang.String)[pri:0, instance:com.qa.opencart.tests.RegistrationPageDataDrivenTest@526a9908]" started-at="2026-06-04T16:26:05 GST" name="userRegistrationDDTFromSheet" data-provider="getDataFromSheet" finished-at="2026-06-04T16:26:07 GST" duration-ms="1720" status="PASS">
          <params>
            <param index="0">
              <value>
                <![CDATA[Manel]]>
              </value>
            </param>
            <param index="1">
              <value>
                <![CDATA[Derbel]]>
              </value>
            </param>
            <param index="2">
              <value>
                <![CDATA[7.889567846E9]]>
              </value>
            </param>
            <param index="3">
              <value>
                <![CDATA[ManelDerbel@123]]>
              </value>
            </param>
            <param index="4">
              <value>
                <![CDATA[yes]]>
              </value>
            </param>
          </params>
          <reporter-output>
          </reporter-output>
        </test-method> <!-- userRegistrationDDTFromSheet -->
        <test-method is-config="true" signature="attachScreenshot(org.testng.ITestResult)[pri:0, instance:com.qa.opencart.tests.RegistrationPageDataDrivenTest@526a9908]" started-at="2026-06-04T16:26:07 GST" name="attachScreenshot" finished-at="2026-06-04T16:26:07 GST" duration-ms="3" status="PASS">
          <params>
            <param index="0">
              <value>
                <![CDATA[[TestResult name=userRegistrationDDTFromSheet status=SUCCESS method=RegistrationPageDataDrivenTest.userRegistrationDDTFromSheet(java.lang.String,java.lang.String,java.lang.String,java.lang.String,java.lang.String)[pri:0, instance:com.qa.opencart.tests.RegistrationPageDataDrivenTest@526a9908] output={null}]]]>
              </value>
            </param>
          </params>
          <reporter-output>
          </reporter-output>
        </test-method> <!-- attachScreenshot -->
        <test-method signature="userRegistrationDDTFromSheet(java.lang.String,java.lang.String,java.lang.String,java.lang.String,java.lang.String)[pri:0, instance:com.qa.opencart.tests.RegistrationPageDataDrivenTest@526a9908]" started-at="2026-06-04T16:26:07 GST" name="userRegistrationDDTFromSheet" data-provider="getDataFromSheet" finished-at="2026-06-04T16:26:09 GST" duration-ms="2109" status="PASS">
          <params>
            <param index="0">
              <value>
                <![CDATA[Manish]]>
              </value>
            </param>
            <param index="1">
              <value>
                <![CDATA[Mheta]]>
              </value>
            </param>
            <param index="2">
              <value>
                <![CDATA[8.907654443E9]]>
              </value>
            </param>
            <param index="3">
              <value>
                <![CDATA[ManishMheta@123]]>
              </value>
            </param>
            <param index="4">
              <value>
                <![CDATA[no]]>
              </value>
            </param>
          </params>
          <reporter-output>
          </reporter-output>
        </test-method> <!-- userRegistrationDDTFromSheet -->
        <test-method is-config="true" signature="attachScreenshot(org.testng.ITestResult)[pri:0, instance:com.qa.opencart.tests.RegistrationPageDataDrivenTest@526a9908]" started-at="2026-06-04T16:26:09 GST" name="attachScreenshot" finished-at="2026-06-04T16:26:09 GST" duration-ms="5" status="PASS">
          <params>
            <param index="0">
              <value>
                <![CDATA[[TestResult name=userRegistrationDDTFromSheet status=SUCCESS method=RegistrationPageDataDrivenTest.userRegistrationDDTFromSheet(java.lang.String,java.lang.String,java.lang.String,java.lang.String,java.lang.String)[pri:0, instance:com.qa.opencart.tests.RegistrationPageDataDrivenTest@526a9908] output={null}]]]>
              </value>
            </param>
          </params>
          <reporter-output>
          </reporter-output>
        </test-method> <!-- attachScreenshot -->
        <test-method signature="userRegistrationDDTFromSheet(java.lang.String,java.lang.String,java.lang.String,java.lang.String,java.lang.String)[pri:0, instance:com.qa.opencart.tests.RegistrationPageDataDrivenTest@526a9908]" started-at="2026-06-04T16:26:09 GST" name="userRegistrationDDTFromSheet" data-provider="getDataFromSheet" finished-at="2026-06-04T16:26:11 GST" duration-ms="1712" status="PASS">
          <params>
            <param index="0">
              <value>
                <![CDATA[Simran]]>
              </value>
            </param>
            <param index="1">
              <value>
                <![CDATA[Sanu]]>
              </value>
            </param>
            <param index="2">
              <value>
                <![CDATA[9.987765437E9]]>
              </value>
            </param>
            <param index="3">
              <value>
                <![CDATA[SimranSanu@123]]>
              </value>
            </param>
            <param index="4">
              <value>
                <![CDATA[no]]>
              </value>
            </param>
          </params>
          <reporter-output>
          </reporter-output>
        </test-method> <!-- userRegistrationDDTFromSheet -->
        <test-method is-config="true" signature="attachScreenshot(org.testng.ITestResult)[pri:0, instance:com.qa.opencart.tests.RegistrationPageDataDrivenTest@526a9908]" started-at="2026-06-04T16:26:11 GST" name="attachScreenshot" finished-at="2026-06-04T16:26:11 GST" duration-ms="1" status="PASS">
          <params>
            <param index="0">
              <value>
                <![CDATA[[TestResult name=userRegistrationDDTFromSheet status=SUCCESS method=RegistrationPageDataDrivenTest.userRegistrationDDTFromSheet(java.lang.String,java.lang.String,java.lang.String,java.lang.String,java.lang.String)[pri:0, instance:com.qa.opencart.tests.RegistrationPageDataDrivenTest@526a9908] output={null}]]]>
              </value>
            </param>
          </params>
          <reporter-output>
          </reporter-output>
        </test-method> <!-- attachScreenshot -->
        <test-method is-config="true" signature="tearDown()[pri:0, instance:com.qa.opencart.tests.RegistrationPageDataDrivenTest@526a9908]" started-at="2026-06-04T16:26:11 GST" name="tearDown" finished-at="2026-06-04T16:26:11 GST" duration-ms="415" status="PASS">
          <reporter-output>
          </reporter-output>
        </test-method> <!-- tearDown -->
      </class> <!-- com.qa.opencart.tests.RegistrationPageDataDrivenTest -->
    </test> <!-- Register Page DataDriven Test -->
  </suite> <!-- E-Commerce Application Test Regression Suite -->
</testng-results>
