<?xml version="1.0" encoding="UTF-8"?>
<!-- Generated by org.testng.reporters.JUnitReportReporter -->
<testsuite hostname="DESKTOP-4F1QV6P" failures="0" tests="5" name="testCases.TC_3_LoginDDT" time="41.370" errors="0" timestamp="2025-11-23T22:46:40 GST" skipped="0">
  <testcase classname="testCases.TC_3_LoginDDT" name="verify_loginDDT" time="11.537"/>
  <testcase classname="testCases.TC_3_LoginDDT" name="verify_loginDDT" time="2.940"/>
  <testcase classname="testCases.TC_3_LoginDDT" name="verify_loginDDT" time="11.028"/>
  <testcase classname="testCases.TC_3_LoginDDT" name="verify_loginDDT" time="13.623"/>
  <testcase classname="testCases.TC_3_LoginDDT" name="verify_loginDDT" time="2.242"/>
</testsuite> <!-- testCases.TC_3_LoginDDT -->
