<?xml version="1.0" encoding="UTF-8"?>
<!-- Generated by org.testng.reporters.JUnitReportReporter -->
<testsuite hostname="DESKTOP-4F1QV6P" failures="0" tests="5" name="testCases.TC_3_LoginDDT" time="47.360" errors="0" timestamp="2025-11-26T18:15:50 GST" skipped="0">
  <testcase classname="testCases.TC_3_LoginDDT" name="verify_loginDDT" time="12.067"/>
  <testcase classname="testCases.TC_3_LoginDDT" name="verify_loginDDT" time="2.164"/>
  <testcase classname="testCases.TC_3_LoginDDT" name="verify_loginDDT" time="7.053"/>
  <testcase classname="testCases.TC_3_LoginDDT" name="verify_loginDDT" time="14.489"/>
  <testcase classname="testCases.TC_3_LoginDDT" name="verify_loginDDT" time="11.587"/>
</testsuite> <!-- testCases.TC_3_LoginDDT -->
