<?xml version="1.0" encoding="UTF-8"?>
<!-- Generated by org.testng.reporters.JUnitReportReporter -->
<testsuite hostname="DESKTOP-4F1QV6P" failures="0" tests="5" name="com.qa.opencart.tests.LoginPageTest" time="5.632" errors="0" timestamp="2026-06-04T16:26:11 GST" skipped="0">
  <testcase classname="com.qa.opencart.tests.LoginPageTest" name="LoginPageTitleTest" time="0.036"/>
  <testcase classname="com.qa.opencart.tests.LoginPageTest" name="LoginPageUrlTest" time="0.101"/>
  <testcase classname="com.qa.opencart.tests.LoginPageTest" name="isForgetPwdLinkExistsTest" time="0.996"/>
  <testcase classname="com.qa.opencart.tests.LoginPageTest" name="isHeaderTest" time="0.132"/>
  <testcase classname="com.qa.opencart.tests.LoginPageTest" name="loginTest" time="4.367"/>
</testsuite> <!-- com.qa.opencart.tests.LoginPageTest -->
