<?xml version="1.0" encoding="UTF-8"?>
<testng-results ignored="0" total="5" passed="5" failed="0" skipped="0">
  <reporter-output>
  </reporter-output>
  <suite started-at="2025-11-23T22:45:47 GST" name="Suite" finished-at="2025-11-23T22:46:40 GST" duration-ms="53027">
    <groups>
    </groups>
    <test started-at="2025-11-23T22:45:47 GST" name="Test" finished-at="2025-11-23T22:46:40 GST" duration-ms="53027">
      <class name="testCases.TC_3_LoginDDT">
        <test-method is-config="true" signature="setup(java.lang.String,java.lang.String)[pri:0, instance:testCases.TC_3_LoginDDT@85e6769]" started-at="2025-11-23T22:45:47 GST" name="setup" finished-at="2025-11-23T22:45:53 GST" duration-ms="6776" status="PASS">
          <params>
            <param index="0">
              <value>
                <![CDATA[windows]]>
              </value>
            </param>
            <param index="1">
              <value>
                <![CDATA[chrome]]>
              </value>
            </param>
          </params>
          <reporter-output>
          </reporter-output>
        </test-method> <!-- setup -->
        <test-method signature="verify_loginDDT(java.lang.String,java.lang.String,java.lang.String)[pri:0, instance:testCases.TC_3_LoginDDT@85e6769]" started-at="2025-11-23T22:45:57 GST" name="verify_loginDDT" data-provider="LoginData" finished-at="2025-11-23T22:46:00 GST" duration-ms="2940" status="PASS">
          <params>
            <param index="0">
              <value>
                <![CDATA[training.manel.derbel@gmail.com]]>
              </value>
            </param>
            <param index="1">
              <value>
                <![CDATA[OpenCartTest@123]]>
              </value>
            </param>
            <param index="2">
              <value>
                <![CDATA[Valid]]>
              </value>
            </param>
          </params>
          <reporter-output>
          </reporter-output>
        </test-method> <!-- verify_loginDDT -->
        <test-method signature="verify_loginDDT(java.lang.String,java.lang.String,java.lang.String)[pri:0, instance:testCases.TC_3_LoginDDT@85e6769]" started-at="2025-11-23T22:46:00 GST" name="verify_loginDDT" data-provider="LoginData" finished-at="2025-11-23T22:46:12 GST" duration-ms="11537" status="PASS">
          <params>
            <param index="0">
              <value>
                <![CDATA[mderbel@yahoo.com]]>
              </value>
            </param>
            <param index="1">
              <value>
                <![CDATA[mderbel]]>
              </value>
            </param>
            <param index="2">
              <value>
                <![CDATA[Invalid]]>
              </value>
            </param>
          </params>
          <reporter-output>
          </reporter-output>
        </test-method> <!-- verify_loginDDT -->
        <test-method signature="verify_loginDDT(java.lang.String,java.lang.String,java.lang.String)[pri:0, instance:testCases.TC_3_LoginDDT@85e6769]" started-at="2025-11-23T22:46:12 GST" name="verify_loginDDT" data-provider="LoginData" finished-at="2025-11-23T22:46:26 GST" duration-ms="13623" status="PASS">
          <params>
            <param index="0">
              <value>
                <![CDATA[derbel@gmail.com]]>
              </value>
            </param>
            <param index="1">
              <value>
                <![CDATA[MDerbel]]>
              </value>
            </param>
            <param index="2">
              <value>
                <![CDATA[Invalid]]>
              </value>
            </param>
          </params>
          <reporter-output>
          </reporter-output>
        </test-method> <!-- verify_loginDDT -->
        <test-method signature="verify_loginDDT(java.lang.String,java.lang.String,java.lang.String)[pri:0, instance:testCases.TC_3_LoginDDT@85e6769]" started-at="2025-11-23T22:46:26 GST" name="verify_loginDDT" data-provider="LoginData" finished-at="2025-11-23T22:46:37 GST" duration-ms="11028" status="PASS">
          <params>
            <param index="0">
              <value>
                <![CDATA[ManelDerbel@gmail.com]]>
              </value>
            </param>
            <param index="1">
              <value>
                <![CDATA[Test@123]]>
              </value>
            </param>
            <param index="2">
              <value>
                <![CDATA[Invalid]]>
              </value>
            </param>
          </params>
          <reporter-output>
          </reporter-output>
        </test-method> <!-- verify_loginDDT -->
        <test-method signature="verify_loginDDT(java.lang.String,java.lang.String,java.lang.String)[pri:0, instance:testCases.TC_3_LoginDDT@85e6769]" started-at="2025-11-23T22:46:37 GST" name="verify_loginDDT" data-provider="LoginData" finished-at="2025-11-23T22:46:39 GST" duration-ms="2242" status="PASS">
          <params>
            <param index="0">
              <value>
                <![CDATA[manel1derbel@gmail.com]]>
              </value>
            </param>
            <param index="1">
              <value>
                <![CDATA[OpenCartTest@123]]>
              </value>
            </param>
            <param index="2">
              <value>
                <![CDATA[Valid]]>
              </value>
            </param>
          </params>
          <reporter-output>
          </reporter-output>
        </test-method> <!-- verify_loginDDT -->
        <test-method is-config="true" signature="teardown()[pri:0, instance:testCases.TC_3_LoginDDT@85e6769]" started-at="2025-11-23T22:46:39 GST" name="teardown" finished-at="2025-11-23T22:46:40 GST" duration-ms="776" status="PASS">
          <reporter-output>
          </reporter-output>
        </test-method> <!-- teardown -->
      </class> <!-- testCases.TC_3_LoginDDT -->
    </test> <!-- Test -->
  </suite> <!-- Suite -->
</testng-results>
