<?xml version="1.0" encoding="UTF-8"?>
<!-- Generated by org.testng.reporters.JUnitXMLReporter -->
<testsuite ignored="1" hostname="DESKTOP-4F1QV6P" failures="1" tests="2" name="Test" time="22.223" errors="0" timestamp="2026-02-17T15:49:59 GST">
  <testcase classname="testCases.TC_1_AccountRegistrationTest" name="verifyAccountRegistration" time="3.721">
    <failure type="java.lang.AssertionError" message="Confirmation message mismatch expected [true] but found [false]">
      <![CDATA[java.lang.AssertionError: Confirmation message mismatch expected [true] but found [false]
at testCases.TC_1_AccountRegistrationTest.verifyAccountRegistration(TC_1_AccountRegistrationTest.java:49)
at java.base/java.util.ArrayList.forEach(ArrayList.java:1596)
... Removed 28 stack frames]]>
    </failure>
  </testcase> <!-- verifyAccountRegistration -->
  <testcase classname="testCases.TC_2_LoginTest" name="verif_Login" time="2.72"/>
  <testcase classname="testCases.TC_3_LoginDDT" name="verify_loginDDT" time="0.0">
    <ignored/>
  </testcase> <!-- verify_loginDDT -->
</testsuite> <!-- Test -->
