<?xml version="1.0" encoding="UTF-8"?>
<testng-results ignored="0" total="2" passed="2" failed="0" skipped="0">
  <reporter-output>
  </reporter-output>
  <suite started-at="2025-11-03T23:17:52 GST" name="Suite" finished-at="2025-11-03T23:18:17 GST" duration-ms="24911">
    <groups>
    </groups>
    <test started-at="2025-11-03T23:17:52 GST" name="Test" finished-at="2025-11-03T23:18:17 GST" duration-ms="24911">
      <class name="testCases.TC_1_AccountRegistrationTest">
        <test-method is-config="true" signature="setup(java.lang.String,java.lang.String)[pri:0, instance:testCases.TC_1_AccountRegistrationTest@70efb718]" started-at="2025-11-03T23:17:52 GST" name="setup" finished-at="2025-11-03T23:18:02 GST" duration-ms="10254" status="PASS">
          <params>
            <param index="0">
              <value>
                <![CDATA[windows]]>
              </value>
            </param>
            <param index="1">
              <value>
                <![CDATA[chrome]]>
              </value>
            </param>
          </params>
          <reporter-output>
          </reporter-output>
        </test-method> <!-- setup -->
        <test-method signature="verifyAccountRegistration()[pri:0, instance:testCases.TC_1_AccountRegistrationTest@70efb718]" started-at="2025-11-03T23:18:02 GST" name="verifyAccountRegistration" finished-at="2025-11-03T23:18:07 GST" duration-ms="4548" status="PASS">
          <reporter-output>
          </reporter-output>
        </test-method> <!-- verifyAccountRegistration -->
        <test-method is-config="true" signature="teardown()[pri:0, instance:testCases.TC_1_AccountRegistrationTest@70efb718]" started-at="2025-11-03T23:18:07 GST" name="teardown" finished-at="2025-11-03T23:18:07 GST" duration-ms="602" status="PASS">
          <reporter-output>
          </reporter-output>
        </test-method> <!-- teardown -->
      </class> <!-- testCases.TC_1_AccountRegistrationTest -->
      <class name="testCases.TC_2_LoginTest">
        <test-method is-config="true" signature="setup(java.lang.String,java.lang.String)[pri:0, instance:testCases.TC_2_LoginTest@b7838a9]" started-at="2025-11-03T23:18:07 GST" name="setup" finished-at="2025-11-03T23:18:13 GST" duration-ms="5788" status="PASS">
          <params>
            <param index="0">
              <value>
                <![CDATA[windows]]>
              </value>
            </param>
            <param index="1">
              <value>
                <![CDATA[chrome]]>
              </value>
            </param>
          </params>
          <reporter-output>
          </reporter-output>
        </test-method> <!-- setup -->
        <test-method signature="verif_Login()[pri:0, instance:testCases.TC_2_LoginTest@b7838a9]" started-at="2025-11-03T23:18:13 GST" name="verif_Login" finished-at="2025-11-03T23:18:16 GST" duration-ms="3005" status="PASS">
          <reporter-output>
          </reporter-output>
        </test-method> <!-- verif_Login -->
        <test-method is-config="true" signature="teardown()[pri:0, instance:testCases.TC_2_LoginTest@b7838a9]" started-at="2025-11-03T23:18:16 GST" name="teardown" finished-at="2025-11-03T23:18:17 GST" duration-ms="575" status="PASS">
          <reporter-output>
          </reporter-output>
        </test-method> <!-- teardown -->
      </class> <!-- testCases.TC_2_LoginTest -->
    </test> <!-- Test -->
  </suite> <!-- Suite -->
</testng-results>
