<?xml version="1.0" encoding="UTF-8"?>
<testng-results ignored="0" total="1" passed="1" failed="0" skipped="0">
  <reporter-output>
  </reporter-output>
  <suite started-at="2025-11-01T18:11:42 GST" name="Suite" finished-at="2025-11-01T18:11:55 GST" duration-ms="12757">
    <groups>
    </groups>
    <test started-at="2025-11-01T18:11:42 GST" name="Test" finished-at="2025-11-01T18:11:55 GST" duration-ms="12757">
      <class name="testCases.TC_1_AccountRegistrationTest">
        <test-method is-config="true" signature="setup(java.lang.String,java.lang.String)[pri:0, instance:testCases.TC_1_AccountRegistrationTest@48a12036]" started-at="2025-11-01T18:11:42 GST" name="setup" finished-at="2025-11-01T18:11:51 GST" duration-ms="9208" status="PASS">
          <params>
            <param index="0">
              <value>
                <![CDATA[windows]]>
              </value>
            </param>
            <param index="1">
              <value>
                <![CDATA[chrome]]>
              </value>
            </param>
          </params>
          <reporter-output>
          </reporter-output>
        </test-method> <!-- setup -->
        <test-method signature="verifyAccountRegistration()[pri:0, instance:testCases.TC_1_AccountRegistrationTest@48a12036]" started-at="2025-11-01T18:11:51 GST" name="verifyAccountRegistration" finished-at="2025-11-01T18:11:54 GST" duration-ms="2957" status="PASS">
          <reporter-output>
          </reporter-output>
        </test-method> <!-- verifyAccountRegistration -->
        <test-method is-config="true" signature="teardown()[pri:0, instance:testCases.TC_1_AccountRegistrationTest@48a12036]" started-at="2025-11-01T18:11:54 GST" name="teardown" finished-at="2025-11-01T18:11:55 GST" duration-ms="513" status="PASS">
          <reporter-output>
          </reporter-output>
        </test-method> <!-- teardown -->
      </class> <!-- testCases.TC_1_AccountRegistrationTest -->
    </test> <!-- Test -->
  </suite> <!-- Suite -->
</testng-results>
